<?xml version="1.0" encoding="UTF-8"?>
<testsuite xmlns:xsi="http://www.w3.org/2001/XMLSchema-instance" xsi:noNamespaceSchemaLocation="https://maven.apache.org/surefire/maven-surefire-plugin/xsd/surefire-test-report.xsd" name="com.movietracker.AppTest" time="0.013" tests="1" errors="0" skipped="0" failures="0">
  <properties>
    <property name="java.specification.version" value="18"/>
    <property name="sun.jnu.encoding" value="UTF-8"/>
    <property name="java.class.path" value="/Users/niraj/Desktop/ooad/projects/P6/movie_tracker/backend/movietracker/target/test-classes:/Users/niraj/Desktop/ooad/projects/P6/movie_tracker/backend/movietracker/target/classes:/Users/niraj/.m2/repository/junit/junit/4.11/junit-4.11.jar:/Users/niraj/.m2/repository/org/hamcrest/hamcrest-core/1.3/hamcrest-core-1.3.jar:/Users/niraj/.m2/repository/org/json/json/20090211/json-20090211.jar:/Users/niraj/.m2/repository/com/googlecode/json-simple/json-simple/1.1.1/json-simple-1.1.1.jar:/Users/niraj/.m2/repository/com/fasterxml/jackson/core/jackson-databind/2.13.0/jackson-databind-2.13.0.jar:/Users/niraj/.m2/repository/com/fasterxml/jackson/core/jackson-annotations/2.13.0/jackson-annotations-2.13.0.jar:/Users/niraj/.m2/repository/com/fasterxml/jackson/core/jackson-core/2.13.0/jackson-core-2.13.0.jar:/Users/niraj/.m2/repository/org/eclipse/jetty/jetty-server/11.0.3/jetty-server-11.0.3.jar:/Users/niraj/.m2/repository/org/eclipse/jetty/toolchain/jetty-jakarta-servlet-api/5.0.2/jetty-jakarta-servlet-api-5.0.2.jar:/Users/niraj/.m2/repository/org/eclipse/jetty/jetty-http/11.0.3/jetty-http-11.0.3.jar:/Users/niraj/.m2/repository/org/eclipse/jetty/jetty-util/11.0.3/jetty-util-11.0.3.jar:/Users/niraj/.m2/repository/org/eclipse/jetty/jetty-io/11.0.3/jetty-io-11.0.3.jar:/Users/niraj/.m2/repository/org/slf4j/slf4j-api/2.0.0-alpha1/slf4j-api-2.0.0-alpha1.jar:/Users/niraj/.m2/repository/org/eclipse/jetty/jetty-servlet/11.0.3/jetty-servlet-11.0.3.jar:/Users/niraj/.m2/repository/org/eclipse/jetty/jetty-security/11.0.3/jetty-security-11.0.3.jar:/Users/niraj/.m2/repository/org/eclipse/jetty/jetty-annotations/11.0.3/jetty-annotations-11.0.3.jar:/Users/niraj/.m2/repository/org/eclipse/jetty/jetty-plus/11.0.3/jetty-plus-11.0.3.jar:/Users/niraj/.m2/repository/jakarta/transaction/jakarta.transaction-api/2.0.0/jakarta.transaction-api-2.0.0.jar:/Users/niraj/.m2/repository/org/eclipse/jetty/jetty-jndi/11.0.3/jetty-jndi-11.0.3.jar:/Users/niraj/.m2/repository/org/eclipse/jetty/jetty-webapp/11.0.3/jetty-webapp-11.0.3.jar:/Users/niraj/.m2/repository/org/eclipse/jetty/jetty-xml/11.0.3/jetty-xml-11.0.3.jar:/Users/niraj/.m2/repository/jakarta/annotation/jakarta.annotation-api/2.0.0/jakarta.annotation-api-2.0.0.jar:/Users/niraj/.m2/repository/org/ow2/asm/asm/9.0/asm-9.0.jar:/Users/niraj/.m2/repository/org/ow2/asm/asm-commons/9.0/asm-commons-9.0.jar:/Users/niraj/.m2/repository/org/ow2/asm/asm-tree/9.0/asm-tree-9.0.jar:/Users/niraj/.m2/repository/org/ow2/asm/asm-analysis/9.0/asm-analysis-9.0.jar:"/>
    <property name="java.vm.vendor" value="Homebrew"/>
    <property name="sun.arch.data.model" value="64"/>
    <property name="java.vendor.url" value="https://github.com/Homebrew/homebrew-core/issues"/>
    <property name="os.name" value="Mac OS X"/>
    <property name="java.vm.specification.version" value="18"/>
    <property name="sun.java.launcher" value="SUN_STANDARD"/>
    <property name="user.country" value="US"/>
    <property name="sun.boot.library.path" value="/opt/homebrew/Cellar/openjdk/18/libexec/openjdk.jdk/Contents/Home/lib"/>
    <property name="sun.java.command" value="/Users/niraj/Desktop/ooad/projects/P6/movie_tracker/backend/movietracker/target/surefire/surefirebooter6622905899929322623.jar /Users/niraj/Desktop/ooad/projects/P6/movie_tracker/backend/movietracker/target/surefire 2022-04-08T19-28-41_588-jvmRun1 surefire3553610598761375051tmp surefire_0117150041183334091tmp"/>
    <property name="http.nonProxyHosts" value="local|*.local|169.254/16|*.169.254/16"/>
    <property name="jdk.debug" value="release"/>
    <property name="surefire.test.class.path" value="/Users/niraj/Desktop/ooad/projects/P6/movie_tracker/backend/movietracker/target/test-classes:/Users/niraj/Desktop/ooad/projects/P6/movie_tracker/backend/movietracker/target/classes:/Users/niraj/.m2/repository/junit/junit/4.11/junit-4.11.jar:/Users/niraj/.m2/repository/org/hamcrest/hamcrest-core/1.3/hamcrest-core-1.3.jar:/Users/niraj/.m2/repository/org/json/json/20090211/json-20090211.jar:/Users/niraj/.m2/repository/com/googlecode/json-simple/json-simple/1.1.1/json-simple-1.1.1.jar:/Users/niraj/.m2/repository/com/fasterxml/jackson/core/jackson-databind/2.13.0/jackson-databind-2.13.0.jar:/Users/niraj/.m2/repository/com/fasterxml/jackson/core/jackson-annotations/2.13.0/jackson-annotations-2.13.0.jar:/Users/niraj/.m2/repository/com/fasterxml/jackson/core/jackson-core/2.13.0/jackson-core-2.13.0.jar:/Users/niraj/.m2/repository/org/eclipse/jetty/jetty-server/11.0.3/jetty-server-11.0.3.jar:/Users/niraj/.m2/repository/org/eclipse/jetty/toolchain/jetty-jakarta-servlet-api/5.0.2/jetty-jakarta-servlet-api-5.0.2.jar:/Users/niraj/.m2/repository/org/eclipse/jetty/jetty-http/11.0.3/jetty-http-11.0.3.jar:/Users/niraj/.m2/repository/org/eclipse/jetty/jetty-util/11.0.3/jetty-util-11.0.3.jar:/Users/niraj/.m2/repository/org/eclipse/jetty/jetty-io/11.0.3/jetty-io-11.0.3.jar:/Users/niraj/.m2/repository/org/slf4j/slf4j-api/2.0.0-alpha1/slf4j-api-2.0.0-alpha1.jar:/Users/niraj/.m2/repository/org/eclipse/jetty/jetty-servlet/11.0.3/jetty-servlet-11.0.3.jar:/Users/niraj/.m2/repository/org/eclipse/jetty/jetty-security/11.0.3/jetty-security-11.0.3.jar:/Users/niraj/.m2/repository/org/eclipse/jetty/jetty-annotations/11.0.3/jetty-annotations-11.0.3.jar:/Users/niraj/.m2/repository/org/eclipse/jetty/jetty-plus/11.0.3/jetty-plus-11.0.3.jar:/Users/niraj/.m2/repository/jakarta/transaction/jakarta.transaction-api/2.0.0/jakarta.transaction-api-2.0.0.jar:/Users/niraj/.m2/repository/org/eclipse/jetty/jetty-jndi/11.0.3/jetty-jndi-11.0.3.jar:/Users/niraj/.m2/repository/org/eclipse/jetty/jetty-webapp/11.0.3/jetty-webapp-11.0.3.jar:/Users/niraj/.m2/repository/org/eclipse/jetty/jetty-xml/11.0.3/jetty-xml-11.0.3.jar:/Users/niraj/.m2/repository/jakarta/annotation/jakarta.annotation-api/2.0.0/jakarta.annotation-api-2.0.0.jar:/Users/niraj/.m2/repository/org/ow2/asm/asm/9.0/asm-9.0.jar:/Users/niraj/.m2/repository/org/ow2/asm/asm-commons/9.0/asm-commons-9.0.jar:/Users/niraj/.m2/repository/org/ow2/asm/asm-tree/9.0/asm-tree-9.0.jar:/Users/niraj/.m2/repository/org/ow2/asm/asm-analysis/9.0/asm-analysis-9.0.jar:"/>
    <property name="sun.cpu.endian" value="little"/>
    <property name="user.home" value="/Users/niraj"/>
    <property name="user.language" value="en"/>
    <property name="java.specification.vendor" value="Oracle Corporation"/>
    <property name="java.version.date" value="2022-03-22"/>
    <property name="java.home" value="/opt/homebrew/Cellar/openjdk/18/libexec/openjdk.jdk/Contents/Home"/>
    <property name="file.separator" value="/"/>
    <property name="basedir" value="/Users/niraj/Desktop/ooad/projects/P6/movie_tracker/backend/movietracker"/>
    <property name="java.vm.compressedOopsMode" value="Zero based"/>
    <property name="line.separator" value="&#10;"/>
    <property name="java.vm.specification.vendor" value="Oracle Corporation"/>
    <property name="java.specification.name" value="Java Platform API Specification"/>
    <property name="apple.awt.application.name" value="ForkedBooter"/>
    <property name="surefire.real.class.path" value="/Users/niraj/Desktop/ooad/projects/P6/movie_tracker/backend/movietracker/target/surefire/surefirebooter6622905899929322623.jar"/>
    <property name="sun.management.compiler" value="HotSpot 64-Bit Tiered Compilers"/>
    <property name="ftp.nonProxyHosts" value="local|*.local|169.254/16|*.169.254/16"/>
    <property name="java.runtime.version" value="18+0"/>
    <property name="user.name" value="niraj"/>
    <property name="path.separator" value=":"/>
    <property name="os.version" value="11.3.1"/>
    <property name="java.runtime.name" value="OpenJDK Runtime Environment"/>
    <property name="file.encoding" value="UTF-8"/>
    <property name="java.vm.name" value="OpenJDK 64-Bit Server VM"/>
    <property name="java.vendor.version" value="Homebrew"/>
    <property name="localRepository" value="/Users/niraj/.m2/repository"/>
    <property name="java.vendor.url.bug" value="https://github.com/Homebrew/homebrew-core/issues"/>
    <property name="java.io.tmpdir" value="/var/folders/4j/q3kd6xz958bgfj05r79328c00000gn/T/"/>
    <property name="java.version" value="18"/>
    <property name="user.dir" value="/Users/niraj/Desktop/ooad/projects/P6/movie_tracker/backend/movietracker"/>
    <property name="os.arch" value="aarch64"/>
    <property name="java.vm.specification.name" value="Java Virtual Machine Specification"/>
    <property name="native.encoding" value="UTF-8"/>
    <property name="java.library.path" value="/Users/niraj/Library/Java/Extensions:/Library/Java/Extensions:/Network/Library/Java/Extensions:/System/Library/Java/Extensions:/usr/lib/java:."/>
    <property name="java.vm.info" value="mixed mode, sharing"/>
    <property name="java.vendor" value="Homebrew"/>
    <property name="java.vm.version" value="18+0"/>
    <property name="sun.io.unicode.encoding" value="UnicodeBig"/>
    <property name="socksNonProxyHosts" value="local|*.local|169.254/16|*.169.254/16"/>
    <property name="java.class.version" value="62.0"/>
  </properties>
  <testcase name="shouldAnswerWithTrue" classname="com.movietracker.AppTest" time="0.002"/>
</testsuite>