<?xml version="1.0" encoding="UTF-8"?>
<testsuite xmlns:xsi="http://www.w3.org/2001/XMLSchema-instance" xsi:noNamespaceSchemaLocation="https://maven.apache.org/surefire/maven-surefire-plugin/xsd/surefire-test-report.xsd" name="com.movietracker.AppTest" time="0.047" tests="1" errors="0" skipped="0" failures="0">
  <properties>
    <property name="gopherProxySet" value="false"/>
    <property name="awt.toolkit" value="sun.lwawt.macosx.LWCToolkit"/>
    <property name="java.specification.version" value="11"/>
    <property name="sun.cpu.isalist" value=""/>
    <property name="sun.jnu.encoding" value="UTF-8"/>
    <property name="java.class.path" value="/Users/joshuasun/Documents/Spring 2022/ObjOriented/movie_tracker/backend/movietracker/target/test-classes:/Users/joshuasun/Documents/Spring 2022/ObjOriented/movie_tracker/backend/movietracker/target/classes:/Users/joshuasun/.m2/repository/junit/junit/4.11/junit-4.11.jar:/Users/joshuasun/.m2/repository/org/hamcrest/hamcrest-core/1.3/hamcrest-core-1.3.jar:/Users/joshuasun/.m2/repository/org/json/json/20090211/json-20090211.jar:/Users/joshuasun/.m2/repository/org/apache/httpcomponents/httpclient/4.3.1/httpclient-4.3.1.jar:/Users/joshuasun/.m2/repository/org/apache/httpcomponents/httpcore/4.3/httpcore-4.3.jar:/Users/joshuasun/.m2/repository/commons-logging/commons-logging/1.1.3/commons-logging-1.1.3.jar:/Users/joshuasun/.m2/repository/commons-codec/commons-codec/1.6/commons-codec-1.6.jar:/Users/joshuasun/.m2/repository/com/googlecode/json-simple/json-simple/1.1.1/json-simple-1.1.1.jar:/Users/joshuasun/.m2/repository/com/fasterxml/jackson/core/jackson-databind/2.13.0/jackson-databind-2.13.0.jar:/Users/joshuasun/.m2/repository/com/fasterxml/jackson/core/jackson-annotations/2.13.0/jackson-annotations-2.13.0.jar:/Users/joshuasun/.m2/repository/com/fasterxml/jackson/core/jackson-core/2.13.0/jackson-core-2.13.0.jar:/Users/joshuasun/.m2/repository/org/mindrot/jbcrypt/0.3m/jbcrypt-0.3m.jar:/Users/joshuasun/.m2/repository/org/eclipse/jetty/jetty-server/11.0.3/jetty-server-11.0.3.jar:/Users/joshuasun/.m2/repository/org/eclipse/jetty/toolchain/jetty-jakarta-servlet-api/5.0.2/jetty-jakarta-servlet-api-5.0.2.jar:/Users/joshuasun/.m2/repository/org/eclipse/jetty/jetty-http/11.0.3/jetty-http-11.0.3.jar:/Users/joshuasun/.m2/repository/org/eclipse/jetty/jetty-util/11.0.3/jetty-util-11.0.3.jar:/Users/joshuasun/.m2/repository/org/eclipse/jetty/jetty-io/11.0.3/jetty-io-11.0.3.jar:/Users/joshuasun/.m2/repository/org/slf4j/slf4j-api/2.0.0-alpha1/slf4j-api-2.0.0-alpha1.jar:/Users/joshuasun/.m2/repository/org/eclipse/jetty/jetty-servlet/11.0.3/jetty-servlet-11.0.3.jar:/Users/joshuasun/.m2/repository/org/eclipse/jetty/jetty-security/11.0.3/jetty-security-11.0.3.jar:/Users/joshuasun/.m2/repository/org/eclipse/jetty/jetty-annotations/11.0.3/jetty-annotations-11.0.3.jar:/Users/joshuasun/.m2/repository/org/eclipse/jetty/jetty-plus/11.0.3/jetty-plus-11.0.3.jar:/Users/joshuasun/.m2/repository/jakarta/transaction/jakarta.transaction-api/2.0.0/jakarta.transaction-api-2.0.0.jar:/Users/joshuasun/.m2/repository/org/eclipse/jetty/jetty-jndi/11.0.3/jetty-jndi-11.0.3.jar:/Users/joshuasun/.m2/repository/org/eclipse/jetty/jetty-webapp/11.0.3/jetty-webapp-11.0.3.jar:/Users/joshuasun/.m2/repository/org/eclipse/jetty/jetty-xml/11.0.3/jetty-xml-11.0.3.jar:/Users/joshuasun/.m2/repository/jakarta/annotation/jakarta.annotation-api/2.0.0/jakarta.annotation-api-2.0.0.jar:/Users/joshuasun/.m2/repository/org/ow2/asm/asm/9.0/asm-9.0.jar:/Users/joshuasun/.m2/repository/org/ow2/asm/asm-commons/9.0/asm-commons-9.0.jar:/Users/joshuasun/.m2/repository/org/ow2/asm/asm-tree/9.0/asm-tree-9.0.jar:/Users/joshuasun/.m2/repository/org/ow2/asm/asm-analysis/9.0/asm-analysis-9.0.jar:/Users/joshuasun/.m2/repository/org/hibernate/hibernate-core/5.4.9.Final/hibernate-core-5.4.9.Final.jar:/Users/joshuasun/.m2/repository/org/jboss/logging/jboss-logging/3.3.2.Final/jboss-logging-3.3.2.Final.jar:/Users/joshuasun/.m2/repository/javax/persistence/javax.persistence-api/2.2/javax.persistence-api-2.2.jar:/Users/joshuasun/.m2/repository/org/javassist/javassist/3.24.0-GA/javassist-3.24.0-GA.jar:/Users/joshuasun/.m2/repository/net/bytebuddy/byte-buddy/1.10.2/byte-buddy-1.10.2.jar:/Users/joshuasun/.m2/repository/antlr/antlr/2.7.7/antlr-2.7.7.jar:/Users/joshuasun/.m2/repository/org/jboss/spec/javax/transaction/jboss-transaction-api_1.2_spec/1.1.1.Final/jboss-transaction-api_1.2_spec-1.1.1.Final.jar:/Users/joshuasun/.m2/repository/org/jboss/jandex/2.1.1.Final/jandex-2.1.1.Final.jar:/Users/joshuasun/.m2/repository/com/fasterxml/classmate/1.5.1/classmate-1.5.1.jar:/Users/joshuasun/.m2/repository/javax/activation/javax.activation-api/1.2.0/javax.activation-api-1.2.0.jar:/Users/joshuasun/.m2/repository/org/dom4j/dom4j/2.1.1/dom4j-2.1.1.jar:/Users/joshuasun/.m2/repository/org/hibernate/common/hibernate-commons-annotations/5.1.0.Final/hibernate-commons-annotations-5.1.0.Final.jar:/Users/joshuasun/.m2/repository/javax/xml/bind/jaxb-api/2.3.1/jaxb-api-2.3.1.jar:/Users/joshuasun/.m2/repository/org/glassfish/jaxb/jaxb-runtime/2.3.1/jaxb-runtime-2.3.1.jar:/Users/joshuasun/.m2/repository/org/glassfish/jaxb/txw2/2.3.1/txw2-2.3.1.jar:/Users/joshuasun/.m2/repository/com/sun/istack/istack-commons-runtime/3.0.7/istack-commons-runtime-3.0.7.jar:/Users/joshuasun/.m2/repository/org/jvnet/staxex/stax-ex/1.8/stax-ex-1.8.jar:/Users/joshuasun/.m2/repository/com/sun/xml/fastinfoset/FastInfoset/1.2.15/FastInfoset-1.2.15.jar:/Users/joshuasun/.m2/repository/mysql/mysql-connector-java/8.0.16/mysql-connector-java-8.0.16.jar:/Users/joshuasun/.m2/repository/com/google/protobuf/protobuf-java/3.6.1/protobuf-java-3.6.1.jar:"/>
    <property name="java.vm.vendor" value="Eclipse Adoptium"/>
    <property name="sun.arch.data.model" value="64"/>
    <property name="java.vendor.url" value="https://adoptium.net/"/>
    <property name="user.timezone" value=""/>
    <property name="java.vm.specification.version" value="11"/>
    <property name="os.name" value="Mac OS X"/>
    <property name="sun.java.launcher" value="SUN_STANDARD"/>
    <property name="user.country" value="US"/>
    <property name="sun.boot.library.path" value="/Library/Java/JavaVirtualMachines/temurin-11.jdk/Contents/Home/lib"/>
    <property name="sun.java.command" value="/Users/joshuasun/Documents/Spring 2022/ObjOriented/movie_tracker/backend/movietracker/target/surefire/surefirebooter7141727456641315669.jar /Users/joshuasun/Documents/Spring 2022/ObjOriented/movie_tracker/backend/movietracker/target/surefire 2022-04-27T20-58-12_988-jvmRun1 surefire269130826347113650tmp surefire_08355316459397307144tmp"/>
    <property name="http.nonProxyHosts" value="local|*.local|169.254/16|*.169.254/16"/>
    <property name="jdk.debug" value="release"/>
    <property name="surefire.test.class.path" value="/Users/joshuasun/Documents/Spring 2022/ObjOriented/movie_tracker/backend/movietracker/target/test-classes:/Users/joshuasun/Documents/Spring 2022/ObjOriented/movie_tracker/backend/movietracker/target/classes:/Users/joshuasun/.m2/repository/junit/junit/4.11/junit-4.11.jar:/Users/joshuasun/.m2/repository/org/hamcrest/hamcrest-core/1.3/hamcrest-core-1.3.jar:/Users/joshuasun/.m2/repository/org/json/json/20090211/json-20090211.jar:/Users/joshuasun/.m2/repository/org/apache/httpcomponents/httpclient/4.3.1/httpclient-4.3.1.jar:/Users/joshuasun/.m2/repository/org/apache/httpcomponents/httpcore/4.3/httpcore-4.3.jar:/Users/joshuasun/.m2/repository/commons-logging/commons-logging/1.1.3/commons-logging-1.1.3.jar:/Users/joshuasun/.m2/repository/commons-codec/commons-codec/1.6/commons-codec-1.6.jar:/Users/joshuasun/.m2/repository/com/googlecode/json-simple/json-simple/1.1.1/json-simple-1.1.1.jar:/Users/joshuasun/.m2/repository/com/fasterxml/jackson/core/jackson-databind/2.13.0/jackson-databind-2.13.0.jar:/Users/joshuasun/.m2/repository/com/fasterxml/jackson/core/jackson-annotations/2.13.0/jackson-annotations-2.13.0.jar:/Users/joshuasun/.m2/repository/com/fasterxml/jackson/core/jackson-core/2.13.0/jackson-core-2.13.0.jar:/Users/joshuasun/.m2/repository/org/mindrot/jbcrypt/0.3m/jbcrypt-0.3m.jar:/Users/joshuasun/.m2/repository/org/eclipse/jetty/jetty-server/11.0.3/jetty-server-11.0.3.jar:/Users/joshuasun/.m2/repository/org/eclipse/jetty/toolchain/jetty-jakarta-servlet-api/5.0.2/jetty-jakarta-servlet-api-5.0.2.jar:/Users/joshuasun/.m2/repository/org/eclipse/jetty/jetty-http/11.0.3/jetty-http-11.0.3.jar:/Users/joshuasun/.m2/repository/org/eclipse/jetty/jetty-util/11.0.3/jetty-util-11.0.3.jar:/Users/joshuasun/.m2/repository/org/eclipse/jetty/jetty-io/11.0.3/jetty-io-11.0.3.jar:/Users/joshuasun/.m2/repository/org/slf4j/slf4j-api/2.0.0-alpha1/slf4j-api-2.0.0-alpha1.jar:/Users/joshuasun/.m2/repository/org/eclipse/jetty/jetty-servlet/11.0.3/jetty-servlet-11.0.3.jar:/Users/joshuasun/.m2/repository/org/eclipse/jetty/jetty-security/11.0.3/jetty-security-11.0.3.jar:/Users/joshuasun/.m2/repository/org/eclipse/jetty/jetty-annotations/11.0.3/jetty-annotations-11.0.3.jar:/Users/joshuasun/.m2/repository/org/eclipse/jetty/jetty-plus/11.0.3/jetty-plus-11.0.3.jar:/Users/joshuasun/.m2/repository/jakarta/transaction/jakarta.transaction-api/2.0.0/jakarta.transaction-api-2.0.0.jar:/Users/joshuasun/.m2/repository/org/eclipse/jetty/jetty-jndi/11.0.3/jetty-jndi-11.0.3.jar:/Users/joshuasun/.m2/repository/org/eclipse/jetty/jetty-webapp/11.0.3/jetty-webapp-11.0.3.jar:/Users/joshuasun/.m2/repository/org/eclipse/jetty/jetty-xml/11.0.3/jetty-xml-11.0.3.jar:/Users/joshuasun/.m2/repository/jakarta/annotation/jakarta.annotation-api/2.0.0/jakarta.annotation-api-2.0.0.jar:/Users/joshuasun/.m2/repository/org/ow2/asm/asm/9.0/asm-9.0.jar:/Users/joshuasun/.m2/repository/org/ow2/asm/asm-commons/9.0/asm-commons-9.0.jar:/Users/joshuasun/.m2/repository/org/ow2/asm/asm-tree/9.0/asm-tree-9.0.jar:/Users/joshuasun/.m2/repository/org/ow2/asm/asm-analysis/9.0/asm-analysis-9.0.jar:/Users/joshuasun/.m2/repository/org/hibernate/hibernate-core/5.4.9.Final/hibernate-core-5.4.9.Final.jar:/Users/joshuasun/.m2/repository/org/jboss/logging/jboss-logging/3.3.2.Final/jboss-logging-3.3.2.Final.jar:/Users/joshuasun/.m2/repository/javax/persistence/javax.persistence-api/2.2/javax.persistence-api-2.2.jar:/Users/joshuasun/.m2/repository/org/javassist/javassist/3.24.0-GA/javassist-3.24.0-GA.jar:/Users/joshuasun/.m2/repository/net/bytebuddy/byte-buddy/1.10.2/byte-buddy-1.10.2.jar:/Users/joshuasun/.m2/repository/antlr/antlr/2.7.7/antlr-2.7.7.jar:/Users/joshuasun/.m2/repository/org/jboss/spec/javax/transaction/jboss-transaction-api_1.2_spec/1.1.1.Final/jboss-transaction-api_1.2_spec-1.1.1.Final.jar:/Users/joshuasun/.m2/repository/org/jboss/jandex/2.1.1.Final/jandex-2.1.1.Final.jar:/Users/joshuasun/.m2/repository/com/fasterxml/classmate/1.5.1/classmate-1.5.1.jar:/Users/joshuasun/.m2/repository/javax/activation/javax.activation-api/1.2.0/javax.activation-api-1.2.0.jar:/Users/joshuasun/.m2/repository/org/dom4j/dom4j/2.1.1/dom4j-2.1.1.jar:/Users/joshuasun/.m2/repository/org/hibernate/common/hibernate-commons-annotations/5.1.0.Final/hibernate-commons-annotations-5.1.0.Final.jar:/Users/joshuasun/.m2/repository/javax/xml/bind/jaxb-api/2.3.1/jaxb-api-2.3.1.jar:/Users/joshuasun/.m2/repository/org/glassfish/jaxb/jaxb-runtime/2.3.1/jaxb-runtime-2.3.1.jar:/Users/joshuasun/.m2/repository/org/glassfish/jaxb/txw2/2.3.1/txw2-2.3.1.jar:/Users/joshuasun/.m2/repository/com/sun/istack/istack-commons-runtime/3.0.7/istack-commons-runtime-3.0.7.jar:/Users/joshuasun/.m2/repository/org/jvnet/staxex/stax-ex/1.8/stax-ex-1.8.jar:/Users/joshuasun/.m2/repository/com/sun/xml/fastinfoset/FastInfoset/1.2.15/FastInfoset-1.2.15.jar:/Users/joshuasun/.m2/repository/mysql/mysql-connector-java/8.0.16/mysql-connector-java-8.0.16.jar:/Users/joshuasun/.m2/repository/com/google/protobuf/protobuf-java/3.6.1/protobuf-java-3.6.1.jar:"/>
    <property name="sun.cpu.endian" value="little"/>
    <property name="user.home" value="/Users/joshuasun"/>
    <property name="user.language" value="en"/>
    <property name="java.specification.vendor" value="Oracle Corporation"/>
    <property name="java.version.date" value="2022-02-08"/>
    <property name="java.home" value="/Library/Java/JavaVirtualMachines/temurin-11.jdk/Contents/Home"/>
    <property name="file.separator" value="/"/>
    <property name="basedir" value="/Users/joshuasun/Documents/Spring 2022/ObjOriented/movie_tracker/backend/movietracker"/>
    <property name="java.vm.compressedOopsMode" value="Zero based"/>
    <property name="line.separator" value="&#10;"/>
    <property name="java.specification.name" value="Java Platform API Specification"/>
    <property name="java.vm.specification.vendor" value="Oracle Corporation"/>
    <property name="java.awt.graphicsenv" value="sun.awt.CGraphicsEnvironment"/>
    <property name="surefire.real.class.path" value="/Users/joshuasun/Documents/Spring 2022/ObjOriented/movie_tracker/backend/movietracker/target/surefire/surefirebooter7141727456641315669.jar"/>
    <property name="sun.management.compiler" value="HotSpot 64-Bit Tiered Compilers"/>
    <property name="ftp.nonProxyHosts" value="local|*.local|169.254/16|*.169.254/16"/>
    <property name="java.runtime.version" value="11.0.14.1+1"/>
    <property name="user.name" value="joshuasun"/>
    <property name="path.separator" value=":"/>
    <property name="os.version" value="11.6.5"/>
    <property name="java.runtime.name" value="OpenJDK Runtime Environment"/>
    <property name="file.encoding" value="UTF-8"/>
    <property name="java.vm.name" value="OpenJDK 64-Bit Server VM"/>
    <property name="java.vendor.version" value="Temurin-11.0.14.1+1"/>
    <property name="localRepository" value="/Users/joshuasun/.m2/repository"/>
    <property name="java.vendor.url.bug" value="https://github.com/adoptium/adoptium-support/issues"/>
    <property name="java.io.tmpdir" value="/var/folders/_2/qntq8h8j3533wt43v9n80t0w0000gn/T/"/>
    <property name="java.version" value="11.0.14.1"/>
    <property name="user.dir" value="/Users/joshuasun/Documents/Spring 2022/ObjOriented/movie_tracker/backend/movietracker"/>
    <property name="os.arch" value="x86_64"/>
    <property name="java.vm.specification.name" value="Java Virtual Machine Specification"/>
    <property name="java.awt.printerjob" value="sun.lwawt.macosx.CPrinterJob"/>
    <property name="sun.os.patch.level" value="unknown"/>
    <property name="java.library.path" value="/Users/joshuasun/Library/Java/Extensions:/Library/Java/Extensions:/Network/Library/Java/Extensions:/System/Library/Java/Extensions:/usr/lib/java:."/>
    <property name="java.vm.info" value="mixed mode"/>
    <property name="java.vendor" value="Eclipse Adoptium"/>
    <property name="java.vm.version" value="11.0.14.1+1"/>
    <property name="sun.io.unicode.encoding" value="UnicodeBig"/>
    <property name="java.class.version" value="55.0"/>
    <property name="socksNonProxyHosts" value="local|*.local|169.254/16|*.169.254/16"/>
  </properties>
  <testcase name="shouldAnswerWithTrue" classname="com.movietracker.AppTest" time="0.001"/>
</testsuite>